<?xml version="1.0" encoding="UTF-8"?>
<testsuites>
  <testsuite name="fastlane.lanes">
    
    
    
      
      <testcase classname="fastlane.lanes" name="0: default_platform" time="0.000585702">
        
      </testcase>
    
      
      <testcase classname="fastlane.lanes" name="1: read_json" time="0.018890406">
        
      </testcase>
    
      
      <testcase classname="fastlane.lanes" name="2: Switch to android buildWithJson lane" time="0.000528235">
        
      </testcase>
    
      
      <testcase classname="fastlane.lanes" name="3: mycardio:assembleDevelopRelease" time="338.843554928">
        
          <failure message="/var/lib/gems/2.7.0/gems/fastlane-2.205.2/fastlane/lib/fastlane/actions/actions_helper.rb:67:in `execute_action'&#10;/var/lib/gems/2.7.0/gems/fastlane-2.205.2/fastlane/lib/fastlane/runner.rb:255:in `block in execute_action'&#10;/var/lib/gems/2.7.0/gems/fastlane-2.205.2/fastlane/lib/fastlane/runner.rb:229:in `chdir'&#10;/var/lib/gems/2.7.0/gems/fastlane-2.205.2/fastlane/lib/fastlane/runner.rb:229:in `execute_action'&#10;/var/lib/gems/2.7.0/gems/fastlane-2.205.2/fastlane/lib/fastlane/runner.rb:157:in `trigger_action_by_name'&#10;/var/lib/gems/2.7.0/gems/fastlane-2.205.2/fastlane/lib/fastlane/fast_file.rb:159:in `method_missing'&#10;Fastfile:35:in `block (2 levels) in parsing_binding'&#10;/var/lib/gems/2.7.0/gems/fastlane-2.205.2/fastlane/lib/fastlane/lane.rb:33:in `call'&#10;/var/lib/gems/2.7.0/gems/fastlane-2.205.2/fastlane/lib/fastlane/runner.rb:204:in `try_switch_to_lane'&#10;/var/lib/gems/2.7.0/gems/fastlane-2.205.2/fastlane/lib/fastlane/runner.rb:146:in `trigger_action_by_name'&#10;/var/lib/gems/2.7.0/gems/fastlane-2.205.2/fastlane/lib/fastlane/fast_file.rb:159:in `method_missing'&#10;Fastfile:22:in `block (3 levels) in parsing_binding'&#10;Fastfile:19:in `each'&#10;Fastfile:19:in `block (2 levels) in parsing_binding'&#10;/var/lib/gems/2.7.0/gems/fastlane-2.205.2/fastlane/lib/fastlane/lane.rb:33:in `call'&#10;/var/lib/gems/2.7.0/gems/fastlane-2.205.2/fastlane/lib/fastlane/runner.rb:49:in `block in execute'&#10;/var/lib/gems/2.7.0/gems/fastlane-2.205.2/fastlane/lib/fastlane/runner.rb:45:in `chdir'&#10;/var/lib/gems/2.7.0/gems/fastlane-2.205.2/fastlane/lib/fastlane/runner.rb:45:in `execute'&#10;/var/lib/gems/2.7.0/gems/fastlane-2.205.2/fastlane/lib/fastlane/lane_manager.rb:47:in `cruise_lane'&#10;/var/lib/gems/2.7.0/gems/fastlane-2.205.2/fastlane/lib/fastlane/command_line_handler.rb:36:in `handle'&#10;/var/lib/gems/2.7.0/gems/fastlane-2.205.2/fastlane/lib/fastlane/commands_generator.rb:110:in `block (2 levels) in run'&#10;/var/lib/gems/2.7.0/gems/commander-4.6.0/lib/commander/command.rb:187:in `call'&#10;/var/lib/gems/2.7.0/gems/commander-4.6.0/lib/commander/command.rb:157:in `run'&#10;/var/lib/gems/2.7.0/gems/commander-4.6.0/lib/commander/runner.rb:444:in `run_active_command'&#10;/var/lib/gems/2.7.0/gems/fastlane-2.205.2/fastlane_core/lib/fastlane_core/ui/fastlane_runner.rb:124:in `run!'&#10;/var/lib/gems/2.7.0/gems/commander-4.6.0/lib/commander/delegates.rb:18:in `run!'&#10;/var/lib/gems/2.7.0/gems/fastlane-2.205.2/fastlane/lib/fastlane/commands_generator.rb:354:in `run'&#10;/var/lib/gems/2.7.0/gems/fastlane-2.205.2/fastlane/lib/fastlane/commands_generator.rb:43:in `start'&#10;/var/lib/gems/2.7.0/gems/fastlane-2.205.2/fastlane/lib/fastlane/cli_tools_distributor.rb:122:in `take_off'&#10;/var/lib/gems/2.7.0/gems/fastlane-2.205.2/bin/fastlane:23:in `&lt;top (required)&gt;'&#10;/usr/local/bin/fastlane:23:in `load'&#10;/usr/local/bin/fastlane:23:in `&lt;main&gt;'&#10;&#10;Exit status of command '/project/gradlew mycardio:assembleDevelopRelease -p .' was 1 instead of 0.&#10;Downloading https://services.gradle.org/distributions/gradle-7.4-bin.zip&#10;...........10%...........20%...........30%...........40%...........50%...........60%...........70%...........80%...........90%...........100%&#10;&#10;Welcome to Gradle 7.4!&#10;&#10;Here are the highlights of this release:&#10; - Aggregated test and JaCoCo reports&#10; - Marking additional test source directories as tests in IntelliJ&#10; - Support for Adoptium JDKs in Java toolchains&#10;&#10;For more details see https://docs.gradle.org/7.4/release-notes.html&#10;&#10;Starting a Gradle Daemon (subsequent builds will be faster)&#10;&#10;&gt; Task :buildSrc:compileKotlin&#10;'compileJava' task (current target is 11) and 'compileKotlin' task (current target is 1.8) jvm target compatibility should be set to the same Java version.&#10;&#10;&gt; Task :buildSrc:compileJava NO-SOURCE&#10;&gt; Task :buildSrc:compileGroovy NO-SOURCE&#10;&gt; Task :buildSrc:pluginDescriptors&#10;&gt; Task :buildSrc:processResources NO-SOURCE&#10;&gt; Task :buildSrc:classes UP-TO-DATE&#10;&gt; Task :buildSrc:inspectClassesForKotlinIC&#10;&#10;&gt; Task :buildSrc:jar&#10;:jar: No valid plugin descriptors were found in META-INF/gradle-plugins&#10;&#10;&gt; Task :buildSrc:assemble&#10;&gt; Task :buildSrc:compileTestKotlin NO-SOURCE&#10;&gt; Task :buildSrc:pluginUnderTestMetadata&#10;&gt; Task :buildSrc:compileTestJava NO-SOURCE&#10;&gt; Task :buildSrc:compileTestGroovy NO-SOURCE&#10;&gt; Task :buildSrc:processTestResources NO-SOURCE&#10;&gt; Task :buildSrc:testClasses UP-TO-DATE&#10;&gt; Task :buildSrc:test NO-SOURCE&#10;&gt; Task :buildSrc:validatePlugins&#10;&gt; Task :buildSrc:check&#10;&gt; Task :buildSrc:build&#10;&gt; Task :library:data:preBuild UP-TO-DATE&#10;&gt; Task :library:data:preReleaseBuild UP-TO-DATE&#10;&gt; Task :library:data:compileReleaseAidl NO-SOURCE&#10;&gt; Task :library:data:mergeReleaseJniLibFolders&#10;&gt; Task :library:data:mergeReleaseNativeLibs NO-SOURCE&#10;&gt; Task :library:data:stripReleaseDebugSymbols NO-SOURCE&#10;&gt; Task :library:data:copyReleaseJniLibsProjectAndLocalJars&#10;&gt; Task :library:data:compileReleaseRenderscript NO-SOURCE&#10;&gt; Task :library:data:dataBindingMergeDependencyArtifactsRelease&#10;&gt; Task :library:data:dataBindingMergeDependencyArtifactsRelease FAILED&#10;&#10;FAILURE: Build failed with an exception.&#10;&#10;* What went wrong:&#10;Execution failed for task ':library:data:dataBindingMergeDependencyArtifactsRelease'.&#10;&gt; Could not resolve all dependencies for configuration ':library:data:releaseRuntimeClasspath'.&#10;   &gt; Could not determine artifacts for com.github.PhilJay:MPAndroidChart:v3.1.0: Skipped due to earlier error&#10;&#10;* Try:&#10;&gt; Run with --stacktrace option to get the stack trace.&#10;&gt; Run with --info or --debug option to get more log output.&#10;&gt; Run with --scan to get full insights.&#10;&#10;* Get more help at https://help.gradle.org&#10;&#10;BUILD FAILED in 5m 37s&#10;9 actionable tasks: 9 executed&#10;" />
        
      </testcase>
    
  </testsuite>
</testsuites>
